<?xml version="1.0" encoding="UTF-8"?>
<testng-results ignored="0" total="1" passed="1" failed="0" skipped="0">
  <reporter-output>
  </reporter-output>
  <suite started-at="2023-12-23T14:33:16 IST" name="Default suite" finished-at="2023-12-23T14:33:30 IST" duration-ms="14463">
    <groups>
    </groups>
    <test started-at="2023-12-23T14:33:16 IST" name="Default test" finished-at="2023-12-23T14:33:30 IST" duration-ms="14463">
      <class name="Extent_Report.Program">
        <test-method signature="report()[pri:0, instance:Extent_Report.Program@478190fc]" started-at="2023-12-23T14:33:16 IST" name="report" finished-at="2023-12-23T14:33:30 IST" duration-ms="14235" status="PASS">
          <reporter-output>
          </reporter-output>
        </test-method> <!-- report -->
      </class> <!-- Extent_Report.Program -->
    </test> <!-- Default test -->
  </suite> <!-- Default suite -->
</testng-results>
